mode: set
github.com/blackducksoftware/synopsys-operator/meta-builder/go-directed-acyclic-graph/directed_graph.go:10.40,15.2 1 1
github.com/blackducksoftware/synopsys-operator/meta-builder/go-directed-acyclic-graph/directed_graph.go:18.47,23.2 1 1
github.com/blackducksoftware/synopsys-operator/meta-builder/go-directed-acyclic-graph/directed_graph.go:26.41,28.2 1 1
github.com/blackducksoftware/synopsys-operator/meta-builder/go-directed-acyclic-graph/directed_graph.go:31.53,33.25 1 1
github.com/blackducksoftware/synopsys-operator/meta-builder/go-directed-acyclic-graph/directed_graph.go:36.2,36.23 1 1
github.com/blackducksoftware/synopsys-operator/meta-builder/go-directed-acyclic-graph/directed_graph.go:40.2,40.23 1 1
github.com/blackducksoftware/synopsys-operator/meta-builder/go-directed-acyclic-graph/directed_graph.go:33.25,35.3 1 1
github.com/blackducksoftware/synopsys-operator/meta-builder/go-directed-acyclic-graph/directed_graph.go:36.23,38.3 1 1
github.com/blackducksoftware/synopsys-operator/meta-builder/go-directed-acyclic-graph/directed_graph.go:44.56,46.2 1 1
github.com/blackducksoftware/synopsys-operator/meta-builder/go-directed-acyclic-graph/directed_graph.go:49.50,50.30 1 1
github.com/blackducksoftware/synopsys-operator/meta-builder/go-directed-acyclic-graph/directed_graph.go:53.2,53.33 1 1
github.com/blackducksoftware/synopsys-operator/meta-builder/go-directed-acyclic-graph/directed_graph.go:50.30,52.3 1 1
github.com/blackducksoftware/synopsys-operator/meta-builder/go-directed-acyclic-graph/directed_graph.go:57.61,59.2 1 1
github.com/blackducksoftware/synopsys-operator/meta-builder/go-directed-acyclic-graph/directed_graph.go:63.58,65.2 1 1
github.com/blackducksoftware/synopsys-operator/meta-builder/go-directed-acyclic-graph/directed_graph.go:69.57,71.2 1 1
github.com/blackducksoftware/synopsys-operator/meta-builder/go-directed-acyclic-graph/directed_graph.go:75.58,77.2 1 1
github.com/blackducksoftware/synopsys-operator/meta-builder/go-directed-acyclic-graph/directed_graph.go:81.58,83.2 1 1
github.com/blackducksoftware/synopsys-operator/meta-builder/go-directed-acyclic-graph/directed_graph.go:87.57,89.2 1 1
github.com/blackducksoftware/synopsys-operator/meta-builder/go-directed-acyclic-graph/directed_graph.go:93.58,95.2 1 1
github.com/blackducksoftware/synopsys-operator/meta-builder/go-directed-acyclic-graph/directed_graph.go:99.44,101.33 2 1
github.com/blackducksoftware/synopsys-operator/meta-builder/go-directed-acyclic-graph/directed_graph.go:106.2,106.16 1 1
github.com/blackducksoftware/synopsys-operator/meta-builder/go-directed-acyclic-graph/directed_graph.go:101.33,102.32 1 1
github.com/blackducksoftware/synopsys-operator/meta-builder/go-directed-acyclic-graph/directed_graph.go:102.32,104.4 1 1
github.com/blackducksoftware/synopsys-operator/meta-builder/go-directed-acyclic-graph/directed_graph.go:110.48,112.33 2 1
github.com/blackducksoftware/synopsys-operator/meta-builder/go-directed-acyclic-graph/directed_graph.go:117.2,117.16 1 1
github.com/blackducksoftware/synopsys-operator/meta-builder/go-directed-acyclic-graph/directed_graph.go:112.33,113.24 1 1
github.com/blackducksoftware/synopsys-operator/meta-builder/go-directed-acyclic-graph/directed_graph.go:113.24,115.4 1 1
github.com/blackducksoftware/synopsys-operator/meta-builder/go-directed-acyclic-graph/directed_graph.go:122.66,124.30 2 1
github.com/blackducksoftware/synopsys-operator/meta-builder/go-directed-acyclic-graph/directed_graph.go:131.2,131.15 1 1
github.com/blackducksoftware/synopsys-operator/meta-builder/go-directed-acyclic-graph/directed_graph.go:124.30,127.31 2 1
github.com/blackducksoftware/synopsys-operator/meta-builder/go-directed-acyclic-graph/directed_graph.go:127.31,129.4 1 1
github.com/blackducksoftware/synopsys-operator/meta-builder/go-directed-acyclic-graph/directed_graph.go:136.45,137.30 1 1
github.com/blackducksoftware/synopsys-operator/meta-builder/go-directed-acyclic-graph/directed_graph.go:137.30,138.31 1 1
github.com/blackducksoftware/synopsys-operator/meta-builder/go-directed-acyclic-graph/directed_graph.go:138.31,139.27 1 1
github.com/blackducksoftware/synopsys-operator/meta-builder/go-directed-acyclic-graph/directed_graph.go:142.4,142.32 1 1
github.com/blackducksoftware/synopsys-operator/meta-builder/go-directed-acyclic-graph/directed_graph.go:139.27,140.13 1 1
github.com/blackducksoftware/synopsys-operator/meta-builder/go-directed-acyclic-graph/directed_graph.go:142.32,143.27 1 1
github.com/blackducksoftware/synopsys-operator/meta-builder/go-directed-acyclic-graph/directed_graph.go:143.27,145.6 1 1
github.com/blackducksoftware/synopsys-operator/meta-builder/go-directed-acyclic-graph/edge.go:8.46,13.2 1 1
github.com/blackducksoftware/synopsys-operator/meta-builder/go-directed-acyclic-graph/edge.go:15.53,17.43 2 1
github.com/blackducksoftware/synopsys-operator/meta-builder/go-directed-acyclic-graph/edge.go:21.2,22.43 2 1
github.com/blackducksoftware/synopsys-operator/meta-builder/go-directed-acyclic-graph/edge.go:26.2,29.3 1 1
github.com/blackducksoftware/synopsys-operator/meta-builder/go-directed-acyclic-graph/edge.go:17.43,19.3 1 1
github.com/blackducksoftware/synopsys-operator/meta-builder/go-directed-acyclic-graph/edge.go:22.43,24.3 1 1
github.com/blackducksoftware/synopsys-operator/meta-builder/go-directed-acyclic-graph/edge.go:32.40,34.2 1 1
github.com/blackducksoftware/synopsys-operator/meta-builder/go-directed-acyclic-graph/edge.go:36.61,39.2 2 1
github.com/blackducksoftware/synopsys-operator/meta-builder/go-directed-acyclic-graph/edge.go:41.61,42.58 1 1
github.com/blackducksoftware/synopsys-operator/meta-builder/go-directed-acyclic-graph/edge.go:45.2,45.10 1 1
github.com/blackducksoftware/synopsys-operator/meta-builder/go-directed-acyclic-graph/edge.go:42.58,44.3 1 1
github.com/blackducksoftware/synopsys-operator/meta-builder/go-directed-acyclic-graph/edge.go:48.79,49.43 1 1
github.com/blackducksoftware/synopsys-operator/meta-builder/go-directed-acyclic-graph/edge.go:52.2,52.12 1 1
github.com/blackducksoftware/synopsys-operator/meta-builder/go-directed-acyclic-graph/edge.go:57.2,57.12 1 1
github.com/blackducksoftware/synopsys-operator/meta-builder/go-directed-acyclic-graph/edge.go:49.43,51.3 1 1
github.com/blackducksoftware/synopsys-operator/meta-builder/go-directed-acyclic-graph/edge.go:52.12,56.3 3 1
github.com/blackducksoftware/synopsys-operator/meta-builder/go-directed-acyclic-graph/edge.go:60.60,61.58 1 1
github.com/blackducksoftware/synopsys-operator/meta-builder/go-directed-acyclic-graph/edge.go:64.2,64.12 1 1
github.com/blackducksoftware/synopsys-operator/meta-builder/go-directed-acyclic-graph/edge.go:61.58,63.3 1 1
github.com/blackducksoftware/synopsys-operator/meta-builder/go-directed-acyclic-graph/edge.go:67.61,70.2 2 1
github.com/blackducksoftware/synopsys-operator/meta-builder/go-directed-acyclic-graph/edge.go:72.61,73.58 1 1
github.com/blackducksoftware/synopsys-operator/meta-builder/go-directed-acyclic-graph/edge.go:76.2,76.10 1 1
github.com/blackducksoftware/synopsys-operator/meta-builder/go-directed-acyclic-graph/edge.go:73.58,75.3 1 1
github.com/blackducksoftware/synopsys-operator/meta-builder/go-directed-acyclic-graph/edge.go:79.79,80.43 1 1
github.com/blackducksoftware/synopsys-operator/meta-builder/go-directed-acyclic-graph/edge.go:83.2,83.12 1 1
github.com/blackducksoftware/synopsys-operator/meta-builder/go-directed-acyclic-graph/edge.go:88.2,88.12 1 1
github.com/blackducksoftware/synopsys-operator/meta-builder/go-directed-acyclic-graph/edge.go:80.43,82.3 1 1
github.com/blackducksoftware/synopsys-operator/meta-builder/go-directed-acyclic-graph/edge.go:83.12,87.3 3 1
github.com/blackducksoftware/synopsys-operator/meta-builder/go-directed-acyclic-graph/edge.go:91.60,92.58 1 1
github.com/blackducksoftware/synopsys-operator/meta-builder/go-directed-acyclic-graph/edge.go:95.2,95.12 1 1
github.com/blackducksoftware/synopsys-operator/meta-builder/go-directed-acyclic-graph/edge.go:92.58,94.3 1 1
github.com/blackducksoftware/synopsys-operator/meta-builder/go-directed-acyclic-graph/edge.go:98.52,101.2 2 1
github.com/blackducksoftware/synopsys-operator/meta-builder/go-directed-acyclic-graph/edge.go:103.55,104.58 1 1
github.com/blackducksoftware/synopsys-operator/meta-builder/go-directed-acyclic-graph/edge.go:111.2,111.56 1 1
github.com/blackducksoftware/synopsys-operator/meta-builder/go-directed-acyclic-graph/edge.go:104.58,107.24 2 1
github.com/blackducksoftware/synopsys-operator/meta-builder/go-directed-acyclic-graph/edge.go:107.24,109.4 1 1
github.com/blackducksoftware/synopsys-operator/meta-builder/go-directed-acyclic-graph/edge.go:111.56,114.24 2 1
github.com/blackducksoftware/synopsys-operator/meta-builder/go-directed-acyclic-graph/edge.go:114.24,116.4 1 1
github.com/blackducksoftware/synopsys-operator/meta-builder/go-directed-acyclic-graph/edge.go:120.60,121.58 1 1
github.com/blackducksoftware/synopsys-operator/meta-builder/go-directed-acyclic-graph/edge.go:124.2,124.14 1 1
github.com/blackducksoftware/synopsys-operator/meta-builder/go-directed-acyclic-graph/edge.go:121.58,123.3 1 1
github.com/blackducksoftware/synopsys-operator/meta-builder/go-directed-acyclic-graph/graph.go:7.24,11.2 1 1
github.com/blackducksoftware/synopsys-operator/meta-builder/go-directed-acyclic-graph/graph.go:14.31,18.2 1 1
github.com/blackducksoftware/synopsys-operator/meta-builder/go-directed-acyclic-graph/graph.go:22.32,24.2 1 1
github.com/blackducksoftware/synopsys-operator/meta-builder/go-directed-acyclic-graph/graph.go:27.33,29.2 1 1
github.com/blackducksoftware/synopsys-operator/meta-builder/go-directed-acyclic-graph/graph.go:34.36,36.2 1 1
github.com/blackducksoftware/synopsys-operator/meta-builder/go-directed-acyclic-graph/graph.go:41.41,43.2 1 1
github.com/blackducksoftware/synopsys-operator/meta-builder/go-directed-acyclic-graph/graph.go:47.39,49.2 1 1
github.com/blackducksoftware/synopsys-operator/meta-builder/go-directed-acyclic-graph/graph.go:53.44,55.2 1 1
github.com/blackducksoftware/synopsys-operator/meta-builder/go-directed-acyclic-graph/graph.go:58.44,60.2 1 1
github.com/blackducksoftware/synopsys-operator/meta-builder/go-directed-acyclic-graph/node.go:11.30,16.2 1 1
github.com/blackducksoftware/synopsys-operator/meta-builder/go-directed-acyclic-graph/node.go:18.37,23.29 4 1
github.com/blackducksoftware/synopsys-operator/meta-builder/go-directed-acyclic-graph/node.go:27.2,30.3 1 1
github.com/blackducksoftware/synopsys-operator/meta-builder/go-directed-acyclic-graph/node.go:23.29,25.3 1 1
github.com/blackducksoftware/synopsys-operator/meta-builder/go-directed-acyclic-graph/node.go:33.35,35.2 1 1
github.com/blackducksoftware/synopsys-operator/meta-builder/go-directed-acyclic-graph/node.go:37.32,39.2 1 1
github.com/blackducksoftware/synopsys-operator/meta-builder/go-directed-acyclic-graph/node.go:41.43,44.2 2 1
github.com/blackducksoftware/synopsys-operator/meta-builder/go-directed-acyclic-graph/node.go:46.39,47.29 1 1
github.com/blackducksoftware/synopsys-operator/meta-builder/go-directed-acyclic-graph/node.go:47.29,48.21 1 1
github.com/blackducksoftware/synopsys-operator/meta-builder/go-directed-acyclic-graph/node.go:52.3,53.21 2 1
github.com/blackducksoftware/synopsys-operator/meta-builder/go-directed-acyclic-graph/node.go:48.21,49.12 1 1
github.com/blackducksoftware/synopsys-operator/meta-builder/go-directed-acyclic-graph/node.go:57.42,58.41 1 1
github.com/blackducksoftware/synopsys-operator/meta-builder/go-directed-acyclic-graph/node.go:58.41,59.30 1 1
github.com/blackducksoftware/synopsys-operator/meta-builder/go-directed-acyclic-graph/node.go:59.30,60.26 1 1
github.com/blackducksoftware/synopsys-operator/meta-builder/go-directed-acyclic-graph/node.go:60.26,71.10 8 1
github.com/blackducksoftware/synopsys-operator/meta-builder/go-directed-acyclic-graph/output.go:11.43,16.33 4 0
github.com/blackducksoftware/synopsys-operator/meta-builder/go-directed-acyclic-graph/output.go:22.2,22.46 1 0
github.com/blackducksoftware/synopsys-operator/meta-builder/go-directed-acyclic-graph/output.go:30.2,30.23 1 0
github.com/blackducksoftware/synopsys-operator/meta-builder/go-directed-acyclic-graph/output.go:16.33,20.3 3 0
github.com/blackducksoftware/synopsys-operator/meta-builder/go-directed-acyclic-graph/output.go:22.46,23.52 1 0
github.com/blackducksoftware/synopsys-operator/meta-builder/go-directed-acyclic-graph/output.go:23.52,24.45 1 0
github.com/blackducksoftware/synopsys-operator/meta-builder/go-directed-acyclic-graph/output.go:24.45,26.5 1 0
github.com/blackducksoftware/synopsys-operator/meta-builder/go-directed-acyclic-graph/sort.go:22.52,26.2 1 1
github.com/blackducksoftware/synopsys-operator/meta-builder/go-directed-acyclic-graph/sort.go:28.28,32.2 3 1
github.com/blackducksoftware/synopsys-operator/meta-builder/go-directed-acyclic-graph/sort.go:35.44,39.39 2 1
github.com/blackducksoftware/synopsys-operator/meta-builder/go-directed-acyclic-graph/sort.go:48.2,48.57 1 1
github.com/blackducksoftware/synopsys-operator/meta-builder/go-directed-acyclic-graph/sort.go:52.2,52.22 1 1
github.com/blackducksoftware/synopsys-operator/meta-builder/go-directed-acyclic-graph/sort.go:39.39,40.39 1 1
github.com/blackducksoftware/synopsys-operator/meta-builder/go-directed-acyclic-graph/sort.go:40.39,42.4 1 1
github.com/blackducksoftware/synopsys-operator/meta-builder/go-directed-acyclic-graph/sort.go:48.57,50.3 1 1
github.com/blackducksoftware/synopsys-operator/meta-builder/go-directed-acyclic-graph/sort.go:56.44,58.60 1 1
github.com/blackducksoftware/synopsys-operator/meta-builder/go-directed-acyclic-graph/sort.go:62.2,62.54 1 1
github.com/blackducksoftware/synopsys-operator/meta-builder/go-directed-acyclic-graph/sort.go:67.2,70.55 2 1
github.com/blackducksoftware/synopsys-operator/meta-builder/go-directed-acyclic-graph/sort.go:76.2,80.12 4 1
github.com/blackducksoftware/synopsys-operator/meta-builder/go-directed-acyclic-graph/sort.go:58.60,60.3 1 1
github.com/blackducksoftware/synopsys-operator/meta-builder/go-directed-acyclic-graph/sort.go:62.54,64.3 1 1
github.com/blackducksoftware/synopsys-operator/meta-builder/go-directed-acyclic-graph/sort.go:70.55,71.43 1 1
github.com/blackducksoftware/synopsys-operator/meta-builder/go-directed-acyclic-graph/sort.go:71.43,73.4 1 1
github.com/blackducksoftware/synopsys-operator/meta-builder/go-directed-acyclic-graph/sort.go:85.51,88.2 2 1
github.com/blackducksoftware/synopsys-operator/meta-builder/go-directed-acyclic-graph/sort.go:105.83,110.2 1 1
github.com/blackducksoftware/synopsys-operator/meta-builder/go-directed-acyclic-graph/sort.go:113.56,120.16 4 1
github.com/blackducksoftware/synopsys-operator/meta-builder/go-directed-acyclic-graph/sort.go:124.2,127.29 3 1
github.com/blackducksoftware/synopsys-operator/meta-builder/go-directed-acyclic-graph/sort.go:161.2,161.20 1 1
github.com/blackducksoftware/synopsys-operator/meta-builder/go-directed-acyclic-graph/sort.go:120.16,122.3 1 1
github.com/blackducksoftware/synopsys-operator/meta-builder/go-directed-acyclic-graph/sort.go:127.29,129.57 2 1
github.com/blackducksoftware/synopsys-operator/meta-builder/go-directed-acyclic-graph/sort.go:139.3,142.37 2 1
github.com/blackducksoftware/synopsys-operator/meta-builder/go-directed-acyclic-graph/sort.go:152.3,152.18 1 1
github.com/blackducksoftware/synopsys-operator/meta-builder/go-directed-acyclic-graph/sort.go:157.3,158.23 2 1
github.com/blackducksoftware/synopsys-operator/meta-builder/go-directed-acyclic-graph/sort.go:129.57,131.11 2 1
github.com/blackducksoftware/synopsys-operator/meta-builder/go-directed-acyclic-graph/sort.go:134.4,134.30 1 1
github.com/blackducksoftware/synopsys-operator/meta-builder/go-directed-acyclic-graph/sort.go:131.11,133.5 1 0
github.com/blackducksoftware/synopsys-operator/meta-builder/go-directed-acyclic-graph/sort.go:134.30,136.5 1 1
github.com/blackducksoftware/synopsys-operator/meta-builder/go-directed-acyclic-graph/sort.go:142.37,143.54 1 1
github.com/blackducksoftware/synopsys-operator/meta-builder/go-directed-acyclic-graph/sort.go:143.54,145.33 1 1
github.com/blackducksoftware/synopsys-operator/meta-builder/go-directed-acyclic-graph/sort.go:145.33,147.11 2 1
github.com/blackducksoftware/synopsys-operator/meta-builder/go-directed-acyclic-graph/sort.go:152.18,155.4 2 1
github.com/blackducksoftware/synopsys-operator/meta-builder/go-directed-acyclic-graph/sort.go:167.72,170.2 2 1
github.com/blackducksoftware/synopsys-operator/meta-builder/go-scheduler/scheduler.go:29.40,39.33 2 1
github.com/blackducksoftware/synopsys-operator/meta-builder/go-scheduler/scheduler.go:43.2,43.18 1 1
github.com/blackducksoftware/synopsys-operator/meta-builder/go-scheduler/scheduler.go:39.33,41.3 1 1
github.com/blackducksoftware/synopsys-operator/meta-builder/go-scheduler/scheduler.go:47.37,51.29 3 1
github.com/blackducksoftware/synopsys-operator/meta-builder/go-scheduler/scheduler.go:57.2,57.14 1 1
github.com/blackducksoftware/synopsys-operator/meta-builder/go-scheduler/scheduler.go:51.29,52.35 1 1
github.com/blackducksoftware/synopsys-operator/meta-builder/go-scheduler/scheduler.go:52.35,54.4 1 1
github.com/blackducksoftware/synopsys-operator/meta-builder/go-scheduler/scheduler.go:61.37,63.2 1 1
github.com/blackducksoftware/synopsys-operator/meta-builder/go-scheduler/scheduler.go:66.54,71.2 4 1
github.com/blackducksoftware/synopsys-operator/meta-builder/go-scheduler/scheduler.go:74.44,77.2 2 1
github.com/blackducksoftware/synopsys-operator/meta-builder/go-scheduler/scheduler.go:80.49,82.29 2 1
github.com/blackducksoftware/synopsys-operator/meta-builder/go-scheduler/scheduler.go:85.2,86.16 2 1
github.com/blackducksoftware/synopsys-operator/meta-builder/go-scheduler/scheduler.go:82.29,84.3 1 1
github.com/blackducksoftware/synopsys-operator/meta-builder/go-scheduler/scheduler.go:90.54,94.29 3 1
github.com/blackducksoftware/synopsys-operator/meta-builder/go-scheduler/scheduler.go:97.2,97.21 1 1
github.com/blackducksoftware/synopsys-operator/meta-builder/go-scheduler/scheduler.go:94.29,96.3 1 1
github.com/blackducksoftware/synopsys-operator/meta-builder/go-scheduler/scheduler.go:101.53,103.2 1 1
github.com/blackducksoftware/synopsys-operator/meta-builder/go-scheduler/scheduler.go:108.65,111.2 2 1
github.com/blackducksoftware/synopsys-operator/meta-builder/go-scheduler/scheduler.go:115.68,118.2 2 1
github.com/blackducksoftware/synopsys-operator/meta-builder/go-scheduler/scheduler.go:120.34,122.2 1 1
github.com/blackducksoftware/synopsys-operator/meta-builder/go-scheduler/scheduler.go:124.45,129.26 2 1
github.com/blackducksoftware/synopsys-operator/meta-builder/go-scheduler/scheduler.go:129.26,130.41 1 1
github.com/blackducksoftware/synopsys-operator/meta-builder/go-scheduler/scheduler.go:134.3,134.28 1 1
github.com/blackducksoftware/synopsys-operator/meta-builder/go-scheduler/scheduler.go:130.41,132.4 1 1
github.com/blackducksoftware/synopsys-operator/meta-builder/go-scheduler/scheduler.go:135.8,135.33 1 1
github.com/blackducksoftware/synopsys-operator/meta-builder/go-scheduler/scheduler.go:135.33,138.3 2 1
github.com/blackducksoftware/synopsys-operator/meta-builder/go-scheduler/scheduler.go:141.51,146.26 2 1
github.com/blackducksoftware/synopsys-operator/meta-builder/go-scheduler/scheduler.go:146.26,147.41 1 1
github.com/blackducksoftware/synopsys-operator/meta-builder/go-scheduler/scheduler.go:151.3,151.42 1 1
github.com/blackducksoftware/synopsys-operator/meta-builder/go-scheduler/scheduler.go:147.41,149.4 1 1
github.com/blackducksoftware/synopsys-operator/meta-builder/go-scheduler/scheduler.go:152.8,152.33 1 1
github.com/blackducksoftware/synopsys-operator/meta-builder/go-scheduler/scheduler.go:152.33,155.3 2 1
github.com/blackducksoftware/synopsys-operator/meta-builder/go-scheduler/scheduler.go:158.34,161.16 2 1
github.com/blackducksoftware/synopsys-operator/meta-builder/go-scheduler/scheduler.go:172.2,174.31 2 1
github.com/blackducksoftware/synopsys-operator/meta-builder/go-scheduler/scheduler.go:188.2,188.12 1 1
github.com/blackducksoftware/synopsys-operator/meta-builder/go-scheduler/scheduler.go:161.16,162.32 1 1
github.com/blackducksoftware/synopsys-operator/meta-builder/go-scheduler/scheduler.go:165.3,165.36 1 0
github.com/blackducksoftware/synopsys-operator/meta-builder/go-scheduler/scheduler.go:168.3,168.13 1 0
github.com/blackducksoftware/synopsys-operator/meta-builder/go-scheduler/scheduler.go:162.32,164.4 1 1
github.com/blackducksoftware/synopsys-operator/meta-builder/go-scheduler/scheduler.go:165.36,167.4 1 0
github.com/blackducksoftware/synopsys-operator/meta-builder/go-scheduler/scheduler.go:174.31,175.24 1 1
github.com/blackducksoftware/synopsys-operator/meta-builder/go-scheduler/scheduler.go:183.3,183.30 1 1
github.com/blackducksoftware/synopsys-operator/meta-builder/go-scheduler/scheduler.go:175.24,177.4 1 1
github.com/blackducksoftware/synopsys-operator/meta-builder/go-scheduler/scheduler.go:177.9,181.4 1 1
github.com/blackducksoftware/synopsys-operator/meta-builder/go-scheduler/scheduler.go:183.30,185.4 1 1
github.com/blackducksoftware/synopsys-operator/meta-builder/go-scheduler/scheduler.go:192.52,195.13 1 1
github.com/blackducksoftware/synopsys-operator/meta-builder/go-scheduler/scheduler.go:205.2,205.30 1 1
github.com/blackducksoftware/synopsys-operator/meta-builder/go-scheduler/scheduler.go:211.2,211.12 1 1
github.com/blackducksoftware/synopsys-operator/meta-builder/go-scheduler/scheduler.go:195.13,196.34 1 1
github.com/blackducksoftware/synopsys-operator/meta-builder/go-scheduler/scheduler.go:200.3,200.18 1 1
github.com/blackducksoftware/synopsys-operator/meta-builder/go-scheduler/scheduler.go:196.34,198.4 1 1
github.com/blackducksoftware/synopsys-operator/meta-builder/go-scheduler/scheduler.go:205.30,206.48 1 1
github.com/blackducksoftware/synopsys-operator/meta-builder/go-scheduler/scheduler.go:206.48,208.4 1 1
github.com/blackducksoftware/synopsys-operator/meta-builder/go-scheduler/task.go:17.61,22.2 1 1
github.com/blackducksoftware/synopsys-operator/meta-builder/go-scheduler/task.go:25.39,27.2 1 1
github.com/blackducksoftware/synopsys-operator/meta-builder/go-scheduler/task.go:30.38,32.2 1 1
github.com/blackducksoftware/synopsys-operator/meta-builder/go-scheduler/task.go:36.44,38.2 1 1
github.com/blackducksoftware/synopsys-operator/meta-builder/go-scheduler/task.go:41.51,43.2 1 1
github.com/blackducksoftware/synopsys-operator/meta-builder/go-scheduler/task.go:46.47,48.2 1 1
github.com/blackducksoftware/synopsys-operator/meta-builder/go-scheduler/task.go:53.34,55.2 1 1
github.com/blackducksoftware/synopsys-operator/meta-builder/go-scheduler/task.go:57.68,60.23 2 1
github.com/blackducksoftware/synopsys-operator/meta-builder/go-scheduler/task.go:71.2,71.17 1 1
github.com/blackducksoftware/synopsys-operator/meta-builder/go-scheduler/task.go:60.23,63.18 2 1
github.com/blackducksoftware/synopsys-operator/meta-builder/go-scheduler/task.go:63.18,64.22 1 1
github.com/blackducksoftware/synopsys-operator/meta-builder/go-scheduler/task.go:64.22,66.5 1 1
github.com/blackducksoftware/synopsys-operator/meta-builder/go-scheduler/task.go:83.42,84.32 1 1
github.com/blackducksoftware/synopsys-operator/meta-builder/go-scheduler/task.go:84.32,86.3 1 1
github.com/blackducksoftware/synopsys-operator/meta-builder/controllers/blackduck_mutator.go:42.164,49.2 2 0
github.com/blackducksoftware/synopsys-operator/meta-builder/controllers/blackduck_mutator.go:57.62,78.28 2 0
github.com/blackducksoftware/synopsys-operator/meta-builder/controllers/blackduck_mutator.go:85.2,85.43 1 0
github.com/blackducksoftware/synopsys-operator/meta-builder/controllers/blackduck_mutator.go:78.28,80.17 2 0
github.com/blackducksoftware/synopsys-operator/meta-builder/controllers/blackduck_mutator.go:80.17,82.4 1 0
github.com/blackducksoftware/synopsys-operator/meta-builder/controllers/blackduck_mutator.go:88.51,101.2 1 0
github.com/blackducksoftware/synopsys-operator/meta-builder/controllers/blackduck_mutator.go:103.46,104.48 1 0
github.com/blackducksoftware/synopsys-operator/meta-builder/controllers/blackduck_mutator.go:118.2,118.12 1 0
github.com/blackducksoftware/synopsys-operator/meta-builder/controllers/blackduck_mutator.go:104.48,106.21 2 0
github.com/blackducksoftware/synopsys-operator/meta-builder/controllers/blackduck_mutator.go:109.3,109.58 1 0
github.com/blackducksoftware/synopsys-operator/meta-builder/controllers/blackduck_mutator.go:106.21,107.12 1 0
github.com/blackducksoftware/synopsys-operator/meta-builder/controllers/blackduck_mutator.go:109.58,110.42 1 0
github.com/blackducksoftware/synopsys-operator/meta-builder/controllers/blackduck_mutator.go:115.4,115.9 1 0
github.com/blackducksoftware/synopsys-operator/meta-builder/controllers/blackduck_mutator.go:110.42,114.5 3 0
github.com/blackducksoftware/synopsys-operator/meta-builder/controllers/blackduck_mutator.go:121.49,126.26 2 0
github.com/blackducksoftware/synopsys-operator/meta-builder/controllers/blackduck_mutator.go:130.2,131.9 2 0
github.com/blackducksoftware/synopsys-operator/meta-builder/controllers/blackduck_mutator.go:135.2,136.9 2 0
github.com/blackducksoftware/synopsys-operator/meta-builder/controllers/blackduck_mutator.go:140.2,141.12 2 0
github.com/blackducksoftware/synopsys-operator/meta-builder/controllers/blackduck_mutator.go:126.26,128.3 1 0
github.com/blackducksoftware/synopsys-operator/meta-builder/controllers/blackduck_mutator.go:131.9,133.3 1 0
github.com/blackducksoftware/synopsys-operator/meta-builder/controllers/blackduck_mutator.go:136.9,138.3 1 0
github.com/blackducksoftware/synopsys-operator/meta-builder/controllers/blackduck_mutator.go:145.55,149.9 3 0
github.com/blackducksoftware/synopsys-operator/meta-builder/controllers/blackduck_mutator.go:153.2,153.59 1 0
github.com/blackducksoftware/synopsys-operator/meta-builder/controllers/blackduck_mutator.go:164.2,164.12 1 0
github.com/blackducksoftware/synopsys-operator/meta-builder/controllers/blackduck_mutator.go:149.9,151.3 1 0
github.com/blackducksoftware/synopsys-operator/meta-builder/controllers/blackduck_mutator.go:154.22,155.77 1 0
github.com/blackducksoftware/synopsys-operator/meta-builder/controllers/blackduck_mutator.go:156.18,157.73 1 0
github.com/blackducksoftware/synopsys-operator/meta-builder/controllers/blackduck_mutator.go:158.10,159.49 1 0
github.com/blackducksoftware/synopsys-operator/meta-builder/controllers/blackduck_mutator.go:167.50,168.47 1 0
github.com/blackducksoftware/synopsys-operator/meta-builder/controllers/blackduck_mutator.go:187.2,187.12 1 0
github.com/blackducksoftware/synopsys-operator/meta-builder/controllers/blackduck_mutator.go:168.47,169.56 1 0
github.com/blackducksoftware/synopsys-operator/meta-builder/controllers/blackduck_mutator.go:169.56,170.20 1 0
github.com/blackducksoftware/synopsys-operator/meta-builder/controllers/blackduck_mutator.go:171.39,172.136 1 0
github.com/blackducksoftware/synopsys-operator/meta-builder/controllers/blackduck_mutator.go:175.8,177.10 2 0
github.com/blackducksoftware/synopsys-operator/meta-builder/controllers/blackduck_mutator.go:181.3,181.42 1 0
github.com/blackducksoftware/synopsys-operator/meta-builder/controllers/blackduck_mutator.go:185.3,185.91 1 0
github.com/blackducksoftware/synopsys-operator/meta-builder/controllers/blackduck_mutator.go:177.10,179.4 1 0
github.com/blackducksoftware/synopsys-operator/meta-builder/controllers/blackduck_mutator.go:181.42,183.4 1 0
github.com/blackducksoftware/synopsys-operator/meta-builder/controllers/blackduck_mutator.go:190.51,191.51 1 0
github.com/blackducksoftware/synopsys-operator/meta-builder/controllers/blackduck_mutator.go:210.2,210.12 1 0
github.com/blackducksoftware/synopsys-operator/meta-builder/controllers/blackduck_mutator.go:191.51,192.56 1 0
github.com/blackducksoftware/synopsys-operator/meta-builder/controllers/blackduck_mutator.go:192.56,193.20 1 0
github.com/blackducksoftware/synopsys-operator/meta-builder/controllers/blackduck_mutator.go:194.39,195.139 1 0
github.com/blackducksoftware/synopsys-operator/meta-builder/controllers/blackduck_mutator.go:198.8,200.10 2 0
github.com/blackducksoftware/synopsys-operator/meta-builder/controllers/blackduck_mutator.go:204.3,204.42 1 0
github.com/blackducksoftware/synopsys-operator/meta-builder/controllers/blackduck_mutator.go:208.3,208.100 1 0
github.com/blackducksoftware/synopsys-operator/meta-builder/controllers/blackduck_mutator.go:200.10,202.4 1 0
github.com/blackducksoftware/synopsys-operator/meta-builder/controllers/blackduck_mutator.go:204.42,206.4 1 0
github.com/blackducksoftware/synopsys-operator/meta-builder/controllers/blackduck_mutator.go:214.50,216.38 2 0
github.com/blackducksoftware/synopsys-operator/meta-builder/controllers/blackduck_mutator.go:265.2,265.12 1 0
github.com/blackducksoftware/synopsys-operator/meta-builder/controllers/blackduck_mutator.go:216.38,220.25 1 0
github.com/blackducksoftware/synopsys-operator/meta-builder/controllers/blackduck_mutator.go:230.3,230.56 1 0
github.com/blackducksoftware/synopsys-operator/meta-builder/controllers/blackduck_mutator.go:220.25,222.32 1 0
github.com/blackducksoftware/synopsys-operator/meta-builder/controllers/blackduck_mutator.go:225.4,225.31 1 0
github.com/blackducksoftware/synopsys-operator/meta-builder/controllers/blackduck_mutator.go:222.32,224.5 1 0
github.com/blackducksoftware/synopsys-operator/meta-builder/controllers/blackduck_mutator.go:225.31,227.5 1 0
github.com/blackducksoftware/synopsys-operator/meta-builder/controllers/blackduck_mutator.go:230.56,231.20 1 0
github.com/blackducksoftware/synopsys-operator/meta-builder/controllers/blackduck_mutator.go:232.39,234.12 2 0
github.com/blackducksoftware/synopsys-operator/meta-builder/controllers/blackduck_mutator.go:238.5,239.12 2 0
github.com/blackducksoftware/synopsys-operator/meta-builder/controllers/blackduck_mutator.go:242.5,242.74 1 0
github.com/blackducksoftware/synopsys-operator/meta-builder/controllers/blackduck_mutator.go:243.5,243.108 1 0
github.com/blackducksoftware/synopsys-operator/meta-builder/controllers/blackduck_mutator.go:234.12,236.6 1 0
github.com/blackducksoftware/synopsys-operator/meta-builder/controllers/blackduck_mutator.go:239.12,241.6 1 0
github.com/blackducksoftware/synopsys-operator/meta-builder/controllers/blackduck_mutator.go:242.74,242.102 2 0
github.com/blackducksoftware/synopsys-operator/meta-builder/controllers/blackduck_mutator.go:243.108,245.13 2 0
github.com/blackducksoftware/synopsys-operator/meta-builder/controllers/blackduck_mutator.go:248.6,249.20 2 0
github.com/blackducksoftware/synopsys-operator/meta-builder/controllers/blackduck_mutator.go:252.6,254.117 2 0
github.com/blackducksoftware/synopsys-operator/meta-builder/controllers/blackduck_mutator.go:245.13,247.7 1 0
github.com/blackducksoftware/synopsys-operator/meta-builder/controllers/blackduck_mutator.go:249.20,251.7 1 0
github.com/blackducksoftware/synopsys-operator/meta-builder/controllers/blackduck_mutator.go:254.117,255.59 1 0
github.com/blackducksoftware/synopsys-operator/meta-builder/controllers/blackduck_mutator.go:255.59,257.13 2 0
github.com/blackducksoftware/synopsys-operator/meta-builder/controllers/blackduck_mutator.go:269.50,270.55 1 0
github.com/blackducksoftware/synopsys-operator/meta-builder/controllers/blackduck_mutator.go:283.2,283.12 1 0
github.com/blackducksoftware/synopsys-operator/meta-builder/controllers/blackduck_mutator.go:270.55,271.19 1 0
github.com/blackducksoftware/synopsys-operator/meta-builder/controllers/blackduck_mutator.go:272.38,273.60 1 0
github.com/blackducksoftware/synopsys-operator/meta-builder/controllers/blackduck_mutator.go:274.16,275.76 1 0
github.com/blackducksoftware/synopsys-operator/meta-builder/controllers/blackduck_mutator.go:276.21,277.128 1 0
github.com/blackducksoftware/synopsys-operator/meta-builder/controllers/blackduck_mutator.go:275.76,275.89 1 0
github.com/blackducksoftware/synopsys-operator/meta-builder/controllers/blackduck_mutator.go:277.128,278.77 1 0
github.com/blackducksoftware/synopsys-operator/meta-builder/controllers/blackduck_mutator.go:278.77,278.90 1 0
github.com/blackducksoftware/synopsys-operator/meta-builder/controllers/blackduck_mutator.go:287.48,288.164 1 0
github.com/blackducksoftware/synopsys-operator/meta-builder/controllers/blackduck_mutator.go:298.2,298.12 1 0
github.com/blackducksoftware/synopsys-operator/meta-builder/controllers/blackduck_mutator.go:288.164,289.56 1 0
github.com/blackducksoftware/synopsys-operator/meta-builder/controllers/blackduck_mutator.go:289.56,290.20 1 0
github.com/blackducksoftware/synopsys-operator/meta-builder/controllers/blackduck_mutator.go:291.39,292.84 1 0
github.com/blackducksoftware/synopsys-operator/meta-builder/controllers/blackduck_mutator.go:292.84,294.6 1 0
github.com/blackducksoftware/synopsys-operator/meta-builder/controllers/blackduck_mutator.go:301.56,303.9 2 0
github.com/blackducksoftware/synopsys-operator/meta-builder/controllers/blackduck_mutator.go:307.2,308.9 2 0
github.com/blackducksoftware/synopsys-operator/meta-builder/controllers/blackduck_mutator.go:312.2,312.44 1 0
github.com/blackducksoftware/synopsys-operator/meta-builder/controllers/blackduck_mutator.go:316.2,316.45 1 0
github.com/blackducksoftware/synopsys-operator/meta-builder/controllers/blackduck_mutator.go:320.2,320.48 1 0
github.com/blackducksoftware/synopsys-operator/meta-builder/controllers/blackduck_mutator.go:348.2,348.12 1 0
github.com/blackducksoftware/synopsys-operator/meta-builder/controllers/blackduck_mutator.go:303.9,305.3 1 0
github.com/blackducksoftware/synopsys-operator/meta-builder/controllers/blackduck_mutator.go:308.9,310.3 1 0
github.com/blackducksoftware/synopsys-operator/meta-builder/controllers/blackduck_mutator.go:312.44,314.3 1 0
github.com/blackducksoftware/synopsys-operator/meta-builder/controllers/blackduck_mutator.go:316.45,318.3 1 0
github.com/blackducksoftware/synopsys-operator/meta-builder/controllers/blackduck_mutator.go:320.48,336.3 12 0
github.com/blackducksoftware/synopsys-operator/meta-builder/controllers/blackduck_mutator.go:336.8,346.3 8 0
github.com/blackducksoftware/synopsys-operator/meta-builder/controllers/blackduck_mutator.go:351.63,353.91 1 0
github.com/blackducksoftware/synopsys-operator/meta-builder/controllers/blackduck_mutator.go:363.2,363.12 1 0
github.com/blackducksoftware/synopsys-operator/meta-builder/controllers/blackduck_mutator.go:353.91,355.10 2 0
github.com/blackducksoftware/synopsys-operator/meta-builder/controllers/blackduck_mutator.go:358.3,359.111 2 0
github.com/blackducksoftware/synopsys-operator/meta-builder/controllers/blackduck_mutator.go:355.10,357.4 1 0
github.com/blackducksoftware/synopsys-operator/meta-builder/controllers/blackduck_mutator.go:367.50,369.9 2 0
github.com/blackducksoftware/synopsys-operator/meta-builder/controllers/blackduck_mutator.go:372.2,373.48 2 0
github.com/blackducksoftware/synopsys-operator/meta-builder/controllers/blackduck_mutator.go:383.2,383.12 1 0
github.com/blackducksoftware/synopsys-operator/meta-builder/controllers/blackduck_mutator.go:369.9,371.3 1 0
github.com/blackducksoftware/synopsys-operator/meta-builder/controllers/blackduck_mutator.go:373.48,375.21 2 0
github.com/blackducksoftware/synopsys-operator/meta-builder/controllers/blackduck_mutator.go:379.3,381.42 3 0
github.com/blackducksoftware/synopsys-operator/meta-builder/controllers/blackduck_mutator.go:375.21,377.12 2 0
github.com/blackducksoftware/synopsys-operator/meta-builder/controllers/blackduck_mutator.go:387.51,389.67 2 0
github.com/blackducksoftware/synopsys-operator/meta-builder/controllers/blackduck_mutator.go:392.2,392.12 1 0
github.com/blackducksoftware/synopsys-operator/meta-builder/controllers/blackduck_mutator.go:389.67,391.3 1 0
github.com/blackducksoftware/synopsys-operator/meta-builder/controllers/blackduck_mutator.go:395.50,397.55 1 0
github.com/blackducksoftware/synopsys-operator/meta-builder/controllers/blackduck_mutator.go:407.2,407.12 1 0
github.com/blackducksoftware/synopsys-operator/meta-builder/controllers/blackduck_mutator.go:397.55,398.19 1 0
github.com/blackducksoftware/synopsys-operator/meta-builder/controllers/blackduck_mutator.go:399.38,400.42 1 0
github.com/blackducksoftware/synopsys-operator/meta-builder/controllers/blackduck_mutator.go:400.42,401.84 1 0
github.com/blackducksoftware/synopsys-operator/meta-builder/controllers/blackduck_mutator.go:401.84,403.6 1 0
github.com/blackducksoftware/synopsys-operator/meta-builder/controllers/blackduck_mutator.go:411.49,412.55 1 0
github.com/blackducksoftware/synopsys-operator/meta-builder/controllers/blackduck_mutator.go:448.2,448.12 1 0
github.com/blackducksoftware/synopsys-operator/meta-builder/controllers/blackduck_mutator.go:412.55,413.19 1 0
github.com/blackducksoftware/synopsys-operator/meta-builder/controllers/blackduck_mutator.go:414.38,415.45 1 0
github.com/blackducksoftware/synopsys-operator/meta-builder/controllers/blackduck_mutator.go:431.38,432.45 1 0
github.com/blackducksoftware/synopsys-operator/meta-builder/controllers/blackduck_mutator.go:415.45,417.5 1 0
github.com/blackducksoftware/synopsys-operator/meta-builder/controllers/blackduck_mutator.go:417.10,418.52 1 0
github.com/blackducksoftware/synopsys-operator/meta-builder/controllers/blackduck_mutator.go:421.5,421.48 1 0
github.com/blackducksoftware/synopsys-operator/meta-builder/controllers/blackduck_mutator.go:418.52,420.6 1 0
github.com/blackducksoftware/synopsys-operator/meta-builder/controllers/blackduck_mutator.go:421.48,422.77 1 0
github.com/blackducksoftware/synopsys-operator/meta-builder/controllers/blackduck_mutator.go:422.77,425.72 3 0
github.com/blackducksoftware/synopsys-operator/meta-builder/controllers/blackduck_mutator.go:425.72,427.8 1 0
github.com/blackducksoftware/synopsys-operator/meta-builder/controllers/blackduck_mutator.go:432.45,433.81 1 0
github.com/blackducksoftware/synopsys-operator/meta-builder/controllers/blackduck_mutator.go:433.81,435.115 1 0
github.com/blackducksoftware/synopsys-operator/meta-builder/controllers/blackduck_mutator.go:435.115,442.7 1 0
github.com/blackducksoftware/synopsys-operator/meta-builder/controllers/blackduck_mutator.go:451.122,452.62 1 0
github.com/blackducksoftware/synopsys-operator/meta-builder/controllers/blackduck_mutator.go:464.2,464.11 1 0
github.com/blackducksoftware/synopsys-operator/meta-builder/controllers/blackduck_mutator.go:452.62,453.89 1 0
github.com/blackducksoftware/synopsys-operator/meta-builder/controllers/blackduck_mutator.go:453.89,455.73 2 0
github.com/blackducksoftware/synopsys-operator/meta-builder/controllers/blackduck_mutator.go:455.73,456.68 1 0
github.com/blackducksoftware/synopsys-operator/meta-builder/controllers/blackduck_mutator.go:456.68,457.61 1 0
github.com/blackducksoftware/synopsys-operator/meta-builder/controllers/blackduck_mutator.go:457.61,459.7 1 0
github.com/blackducksoftware/synopsys-operator/meta-builder/controllers/opssight_mutator.go:36.141,43.2 2 0
github.com/blackducksoftware/synopsys-operator/meta-builder/controllers/opssight_mutator.go:52.61,66.28 2 0
github.com/blackducksoftware/synopsys-operator/meta-builder/controllers/opssight_mutator.go:73.2,73.25 1 0
github.com/blackducksoftware/synopsys-operator/meta-builder/controllers/opssight_mutator.go:66.28,68.17 2 0
github.com/blackducksoftware/synopsys-operator/meta-builder/controllers/opssight_mutator.go:68.17,70.4 1 0
github.com/blackducksoftware/synopsys-operator/meta-builder/controllers/opssight_mutator.go:76.71,80.9 3 0
github.com/blackducksoftware/synopsys-operator/meta-builder/controllers/opssight_mutator.go:84.2,84.59 1 0
github.com/blackducksoftware/synopsys-operator/meta-builder/controllers/opssight_mutator.go:93.2,93.12 1 0
github.com/blackducksoftware/synopsys-operator/meta-builder/controllers/opssight_mutator.go:80.9,82.3 1 0
github.com/blackducksoftware/synopsys-operator/meta-builder/controllers/opssight_mutator.go:85.22,86.77 1 0
github.com/blackducksoftware/synopsys-operator/meta-builder/controllers/opssight_mutator.go:87.18,88.73 1 0
github.com/blackducksoftware/synopsys-operator/meta-builder/controllers/opssight_mutator.go:89.10,90.31 1 0
github.com/blackducksoftware/synopsys-operator/meta-builder/controllers/opssight_mutator.go:96.72,100.9 3 0
github.com/blackducksoftware/synopsys-operator/meta-builder/controllers/opssight_mutator.go:104.2,104.60 1 0
github.com/blackducksoftware/synopsys-operator/meta-builder/controllers/opssight_mutator.go:111.2,111.12 1 0
github.com/blackducksoftware/synopsys-operator/meta-builder/controllers/opssight_mutator.go:100.9,102.3 1 0
github.com/blackducksoftware/synopsys-operator/meta-builder/controllers/opssight_mutator.go:105.22,106.77 1 0
github.com/blackducksoftware/synopsys-operator/meta-builder/controllers/opssight_mutator.go:107.18,108.73 1 0
github.com/blackducksoftware/synopsys-operator/meta-builder/controllers/opssight_mutator.go:114.47,115.105 1 0
github.com/blackducksoftware/synopsys-operator/meta-builder/controllers/opssight_mutator.go:125.2,125.12 1 0
github.com/blackducksoftware/synopsys-operator/meta-builder/controllers/opssight_mutator.go:115.105,116.38 1 0
github.com/blackducksoftware/synopsys-operator/meta-builder/controllers/opssight_mutator.go:116.38,117.20 1 0
github.com/blackducksoftware/synopsys-operator/meta-builder/controllers/opssight_mutator.go:118.39,119.84 1 0
github.com/blackducksoftware/synopsys-operator/meta-builder/controllers/opssight_mutator.go:119.84,121.6 1 0
github.com/blackducksoftware/synopsys-operator/meta-builder/controllers/opssight_mutator.go:128.50,129.102 1 0
github.com/blackducksoftware/synopsys-operator/meta-builder/controllers/opssight_mutator.go:132.2,132.12 1 0
github.com/blackducksoftware/synopsys-operator/meta-builder/controllers/opssight_mutator.go:129.102,131.3 1 0
github.com/blackducksoftware/synopsys-operator/meta-builder/controllers/opssight_mutator.go:135.55,137.53 1 0
github.com/blackducksoftware/synopsys-operator/meta-builder/controllers/opssight_mutator.go:143.2,143.12 1 0
github.com/blackducksoftware/synopsys-operator/meta-builder/controllers/opssight_mutator.go:137.53,142.3 4 0
github.com/blackducksoftware/synopsys-operator/meta-builder/controllers/opssight_mutator.go:146.53,147.51 1 0
github.com/blackducksoftware/synopsys-operator/meta-builder/controllers/opssight_mutator.go:153.2,153.12 1 0
github.com/blackducksoftware/synopsys-operator/meta-builder/controllers/opssight_mutator.go:147.51,152.3 4 0
github.com/blackducksoftware/synopsys-operator/meta-builder/controllers/opssight_mutator.go:156.58,157.36 1 0
github.com/blackducksoftware/synopsys-operator/meta-builder/controllers/opssight_mutator.go:169.2,169.12 1 0
github.com/blackducksoftware/synopsys-operator/meta-builder/controllers/opssight_mutator.go:157.36,163.3 5 0
github.com/blackducksoftware/synopsys-operator/meta-builder/controllers/opssight_mutator.go:163.8,165.55 1 0
github.com/blackducksoftware/synopsys-operator/meta-builder/controllers/opssight_mutator.go:165.55,167.4 1 0
github.com/blackducksoftware/synopsys-operator/meta-builder/controllers/opssight_mutator.go:172.52,174.53 1 0
github.com/blackducksoftware/synopsys-operator/meta-builder/controllers/opssight_mutator.go:177.2,177.12 1 0
github.com/blackducksoftware/synopsys-operator/meta-builder/controllers/opssight_mutator.go:174.53,176.3 1 0
github.com/blackducksoftware/synopsys-operator/meta-builder/controllers/polaris_mutator.go:11.168,18.2 2 0
github.com/blackducksoftware/synopsys-operator/meta-builder/controllers/polaris_mutator.go:26.60,31.28 2 0
github.com/blackducksoftware/synopsys-operator/meta-builder/controllers/polaris_mutator.go:37.2,37.43 1 0
github.com/blackducksoftware/synopsys-operator/meta-builder/controllers/polaris_mutator.go:31.28,33.17 2 0
github.com/blackducksoftware/synopsys-operator/meta-builder/controllers/polaris_mutator.go:33.17,35.4 1 0
github.com/blackducksoftware/synopsys-operator/meta-builder/controllers/polaris_mutator.go:40.49,41.67 1 0
github.com/blackducksoftware/synopsys-operator/meta-builder/controllers/polaris_mutator.go:44.2,44.12 1 0
github.com/blackducksoftware/synopsys-operator/meta-builder/controllers/polaris_mutator.go:41.67,43.3 1 0
github.com/blackducksoftware/synopsys-operator/meta-builder/controllers/polaris_mutator.go:47.54,50.2 1 0
github.com/blackducksoftware/synopsys-operator/meta-builder/controllers/polarisdb_mutator.go:17.174,24.2 2 0
github.com/blackducksoftware/synopsys-operator/meta-builder/controllers/polarisdb_mutator.go:32.62,40.28 2 0
github.com/blackducksoftware/synopsys-operator/meta-builder/controllers/polarisdb_mutator.go:46.2,46.43 1 0
github.com/blackducksoftware/synopsys-operator/meta-builder/controllers/polarisdb_mutator.go:40.28,42.17 2 0
github.com/blackducksoftware/synopsys-operator/meta-builder/controllers/polarisdb_mutator.go:42.17,44.4 1 0
github.com/blackducksoftware/synopsys-operator/meta-builder/controllers/polarisdb_mutator.go:49.51,50.67 1 0
github.com/blackducksoftware/synopsys-operator/meta-builder/controllers/polarisdb_mutator.go:53.2,53.12 1 0
github.com/blackducksoftware/synopsys-operator/meta-builder/controllers/polarisdb_mutator.go:50.67,52.3 1 0
github.com/blackducksoftware/synopsys-operator/meta-builder/controllers/polarisdb_mutator.go:56.53,59.9 3 0
github.com/blackducksoftware/synopsys-operator/meta-builder/controllers/polarisdb_mutator.go:62.2,69.12 3 0
github.com/blackducksoftware/synopsys-operator/meta-builder/controllers/polarisdb_mutator.go:59.9,61.3 1 0
github.com/blackducksoftware/synopsys-operator/meta-builder/controllers/polarisdb_mutator.go:72.57,76.9 3 0
github.com/blackducksoftware/synopsys-operator/meta-builder/controllers/polarisdb_mutator.go:79.2,88.59 3 0
github.com/blackducksoftware/synopsys-operator/meta-builder/controllers/polarisdb_mutator.go:109.2,109.12 1 0
github.com/blackducksoftware/synopsys-operator/meta-builder/controllers/polarisdb_mutator.go:76.9,78.3 1 0
github.com/blackducksoftware/synopsys-operator/meta-builder/controllers/polarisdb_mutator.go:88.59,92.10 3 0
github.com/blackducksoftware/synopsys-operator/meta-builder/controllers/polarisdb_mutator.go:95.3,103.10 5 0
github.com/blackducksoftware/synopsys-operator/meta-builder/controllers/polarisdb_mutator.go:106.3,107.162 2 0
github.com/blackducksoftware/synopsys-operator/meta-builder/controllers/polarisdb_mutator.go:92.10,94.4 1 0
github.com/blackducksoftware/synopsys-operator/meta-builder/controllers/polarisdb_mutator.go:103.10,105.4 1 0
github.com/blackducksoftware/synopsys-operator/meta-builder/controllers/polarisdb_mutator.go:112.59,115.9 3 0
github.com/blackducksoftware/synopsys-operator/meta-builder/controllers/polarisdb_mutator.go:118.2,119.103 2 0
github.com/blackducksoftware/synopsys-operator/meta-builder/controllers/polarisdb_mutator.go:122.2,122.12 1 0
github.com/blackducksoftware/synopsys-operator/meta-builder/controllers/polarisdb_mutator.go:115.9,117.3 1 0
github.com/blackducksoftware/synopsys-operator/meta-builder/controllers/polarisdb_mutator.go:119.103,121.3 1 0
github.com/blackducksoftware/synopsys-operator/meta-builder/controllers/polarisdb_mutator.go:125.61,128.9 3 0
github.com/blackducksoftware/synopsys-operator/meta-builder/controllers/polarisdb_mutator.go:131.2,133.12 3 0
github.com/blackducksoftware/synopsys-operator/meta-builder/controllers/polarisdb_mutator.go:128.9,130.3 1 0
github.com/blackducksoftware/synopsys-operator/meta-builder/controllers/alert_mutator.go:36.130,42.2 2 0
github.com/blackducksoftware/synopsys-operator/meta-builder/controllers/alert_mutator.go:49.58,52.16 2 0
github.com/blackducksoftware/synopsys-operator/meta-builder/controllers/alert_mutator.go:56.2,57.16 2 0
github.com/blackducksoftware/synopsys-operator/meta-builder/controllers/alert_mutator.go:61.2,62.16 2 0
github.com/blackducksoftware/synopsys-operator/meta-builder/controllers/alert_mutator.go:66.2,67.16 2 0
github.com/blackducksoftware/synopsys-operator/meta-builder/controllers/alert_mutator.go:71.2,72.16 2 0
github.com/blackducksoftware/synopsys-operator/meta-builder/controllers/alert_mutator.go:76.2,77.16 2 0
github.com/blackducksoftware/synopsys-operator/meta-builder/controllers/alert_mutator.go:81.2,81.43 1 0
github.com/blackducksoftware/synopsys-operator/meta-builder/controllers/alert_mutator.go:52.16,54.3 1 0
github.com/blackducksoftware/synopsys-operator/meta-builder/controllers/alert_mutator.go:57.16,59.3 1 0
github.com/blackducksoftware/synopsys-operator/meta-builder/controllers/alert_mutator.go:62.16,64.3 1 0
github.com/blackducksoftware/synopsys-operator/meta-builder/controllers/alert_mutator.go:67.16,69.3 1 0
github.com/blackducksoftware/synopsys-operator/meta-builder/controllers/alert_mutator.go:72.16,74.3 1 0
github.com/blackducksoftware/synopsys-operator/meta-builder/controllers/alert_mutator.go:77.16,79.3 1 0
github.com/blackducksoftware/synopsys-operator/meta-builder/controllers/alert_mutator.go:85.46,87.9 2 0
github.com/blackducksoftware/synopsys-operator/meta-builder/controllers/alert_mutator.go:90.2,91.44 2 0
github.com/blackducksoftware/synopsys-operator/meta-builder/controllers/alert_mutator.go:101.2,101.12 1 0
github.com/blackducksoftware/synopsys-operator/meta-builder/controllers/alert_mutator.go:87.9,89.3 1 0
github.com/blackducksoftware/synopsys-operator/meta-builder/controllers/alert_mutator.go:91.44,93.21 2 0
github.com/blackducksoftware/synopsys-operator/meta-builder/controllers/alert_mutator.go:97.3,99.42 3 0
github.com/blackducksoftware/synopsys-operator/meta-builder/controllers/alert_mutator.go:93.21,95.12 2 0
github.com/blackducksoftware/synopsys-operator/meta-builder/controllers/alert_mutator.go:104.45,106.9 2 0
github.com/blackducksoftware/synopsys-operator/meta-builder/controllers/alert_mutator.go:109.2,110.43 2 0
github.com/blackducksoftware/synopsys-operator/meta-builder/controllers/alert_mutator.go:121.2,124.39 3 0
github.com/blackducksoftware/synopsys-operator/meta-builder/controllers/alert_mutator.go:128.2,128.37 1 0
github.com/blackducksoftware/synopsys-operator/meta-builder/controllers/alert_mutator.go:132.2,132.12 1 0
github.com/blackducksoftware/synopsys-operator/meta-builder/controllers/alert_mutator.go:106.9,108.3 1 0
github.com/blackducksoftware/synopsys-operator/meta-builder/controllers/alert_mutator.go:110.43,112.21 2 0
github.com/blackducksoftware/synopsys-operator/meta-builder/controllers/alert_mutator.go:116.3,118.45 3 0
github.com/blackducksoftware/synopsys-operator/meta-builder/controllers/alert_mutator.go:112.21,114.12 2 0
github.com/blackducksoftware/synopsys-operator/meta-builder/controllers/alert_mutator.go:124.39,126.3 1 0
github.com/blackducksoftware/synopsys-operator/meta-builder/controllers/alert_mutator.go:128.37,130.3 1 0
github.com/blackducksoftware/synopsys-operator/meta-builder/controllers/alert_mutator.go:136.44,137.152 1 0
github.com/blackducksoftware/synopsys-operator/meta-builder/controllers/alert_mutator.go:148.2,148.12 1 0
github.com/blackducksoftware/synopsys-operator/meta-builder/controllers/alert_mutator.go:137.152,138.72 1 0
github.com/blackducksoftware/synopsys-operator/meta-builder/controllers/alert_mutator.go:138.72,139.36 1 0
github.com/blackducksoftware/synopsys-operator/meta-builder/controllers/alert_mutator.go:140.39,142.100 2 0
github.com/blackducksoftware/synopsys-operator/meta-builder/controllers/alert_mutator.go:142.100,144.6 1 0
github.com/blackducksoftware/synopsys-operator/meta-builder/controllers/alert_mutator.go:152.50,153.71 1 0
github.com/blackducksoftware/synopsys-operator/meta-builder/controllers/alert_mutator.go:162.2,162.12 1 0
github.com/blackducksoftware/synopsys-operator/meta-builder/controllers/alert_mutator.go:153.71,154.35 1 0
github.com/blackducksoftware/synopsys-operator/meta-builder/controllers/alert_mutator.go:155.38,156.56 1 0
github.com/blackducksoftware/synopsys-operator/meta-builder/controllers/alert_mutator.go:157.16,158.92 1 0
github.com/blackducksoftware/synopsys-operator/meta-builder/controllers/alert_mutator.go:158.92,158.105 1 0
github.com/blackducksoftware/synopsys-operator/meta-builder/controllers/alert_mutator.go:166.45,167.78 1 0
github.com/blackducksoftware/synopsys-operator/meta-builder/controllers/alert_mutator.go:202.2,202.12 1 0
github.com/blackducksoftware/synopsys-operator/meta-builder/controllers/alert_mutator.go:167.78,168.35 1 0
github.com/blackducksoftware/synopsys-operator/meta-builder/controllers/alert_mutator.go:169.38,170.41 1 0
github.com/blackducksoftware/synopsys-operator/meta-builder/controllers/alert_mutator.go:185.38,186.41 1 0
github.com/blackducksoftware/synopsys-operator/meta-builder/controllers/alert_mutator.go:170.41,172.5 1 0
github.com/blackducksoftware/synopsys-operator/meta-builder/controllers/alert_mutator.go:172.10,173.48 1 0
github.com/blackducksoftware/synopsys-operator/meta-builder/controllers/alert_mutator.go:177.5,177.106 1 0
github.com/blackducksoftware/synopsys-operator/meta-builder/controllers/alert_mutator.go:173.48,175.6 1 0
github.com/blackducksoftware/synopsys-operator/meta-builder/controllers/alert_mutator.go:177.106,180.85 3 0
github.com/blackducksoftware/synopsys-operator/meta-builder/controllers/alert_mutator.go:180.85,182.7 1 0
github.com/blackducksoftware/synopsys-operator/meta-builder/controllers/alert_mutator.go:186.41,187.102 1 0
github.com/blackducksoftware/synopsys-operator/meta-builder/controllers/alert_mutator.go:187.102,189.136 1 0
github.com/blackducksoftware/synopsys-operator/meta-builder/controllers/alert_mutator.go:189.136,196.7 1 0
github.com/blackducksoftware/synopsys-operator/meta-builder/controllers/alert_mutator.go:205.48,206.41 1 0
github.com/blackducksoftware/synopsys-operator/meta-builder/controllers/alert_mutator.go:223.2,223.12 1 0
github.com/blackducksoftware/synopsys-operator/meta-builder/controllers/alert_mutator.go:206.41,217.10 7 0
github.com/blackducksoftware/synopsys-operator/meta-builder/controllers/alert_mutator.go:220.3,221.95 2 0
github.com/blackducksoftware/synopsys-operator/meta-builder/controllers/alert_mutator.go:217.10,219.4 1 0
github.com/blackducksoftware/synopsys-operator/meta-builder/controllers/blackduck_controller.go:46.57,48.2 1 0
github.com/blackducksoftware/synopsys-operator/meta-builder/controllers/blackduck_controller.go:50.86,52.84 2 0
github.com/blackducksoftware/synopsys-operator/meta-builder/controllers/blackduck_controller.go:66.2,67.24 2 0
github.com/blackducksoftware/synopsys-operator/meta-builder/controllers/blackduck_controller.go:52.84,59.31 1 0
github.com/blackducksoftware/synopsys-operator/meta-builder/controllers/blackduck_controller.go:62.3,62.30 1 0
github.com/blackducksoftware/synopsys-operator/meta-builder/controllers/blackduck_controller.go:59.31,61.4 1 0
github.com/blackducksoftware/synopsys-operator/meta-builder/controllers/blackduck_controller.go:62.30,64.4 1 0
github.com/blackducksoftware/synopsys-operator/meta-builder/controllers/blackduck_controller.go:70.100,82.16 4 0
github.com/blackducksoftware/synopsys-operator/meta-builder/controllers/blackduck_controller.go:86.2,107.18 10 0
github.com/blackducksoftware/synopsys-operator/meta-builder/controllers/blackduck_controller.go:82.16,84.3 1 0
github.com/blackducksoftware/synopsys-operator/meta-builder/controllers/blackduck_controller.go:110.137,113.16 2 0
github.com/blackducksoftware/synopsys-operator/meta-builder/controllers/blackduck_controller.go:116.2,116.31 1 0
github.com/blackducksoftware/synopsys-operator/meta-builder/controllers/blackduck_controller.go:113.16,115.3 1 0
github.com/blackducksoftware/synopsys-operator/meta-builder/controllers/blackduck_controller.go:122.80,129.2 3 0
github.com/blackducksoftware/synopsys-operator/meta-builder/controllers/blackduck_controller.go:131.104,132.115 1 0
github.com/blackducksoftware/synopsys-operator/meta-builder/controllers/blackduck_controller.go:148.2,148.12 1 0
github.com/blackducksoftware/synopsys-operator/meta-builder/controllers/blackduck_controller.go:132.115,135.19 2 0
github.com/blackducksoftware/synopsys-operator/meta-builder/controllers/blackduck_controller.go:139.3,139.88 1 0
github.com/blackducksoftware/synopsys-operator/meta-builder/controllers/blackduck_controller.go:144.3,144.30 1 0
github.com/blackducksoftware/synopsys-operator/meta-builder/controllers/blackduck_controller.go:135.19,137.4 1 0
github.com/blackducksoftware/synopsys-operator/meta-builder/controllers/blackduck_controller.go:139.88,141.4 1 0
github.com/blackducksoftware/synopsys-operator/meta-builder/controllers/blackduck_controller.go:145.17,147.3 1 0
github.com/blackducksoftware/synopsys-operator/meta-builder/controllers/blackduck_controller.go:150.72,165.2 10 0
github.com/blackducksoftware/synopsys-operator/meta-builder/controllers/polaris_common_mutator.go:12.129,13.41 1 0
github.com/blackducksoftware/synopsys-operator/meta-builder/controllers/polaris_common_mutator.go:26.2,26.12 1 0
github.com/blackducksoftware/synopsys-operator/meta-builder/controllers/polaris_common_mutator.go:13.41,16.10 3 0
github.com/blackducksoftware/synopsys-operator/meta-builder/controllers/polaris_common_mutator.go:19.3,24.4 2 0
github.com/blackducksoftware/synopsys-operator/meta-builder/controllers/polaris_common_mutator.go:16.10,18.4 1 0
github.com/blackducksoftware/synopsys-operator/meta-builder/controllers/polaris_common_mutator.go:29.132,30.43 1 0
github.com/blackducksoftware/synopsys-operator/meta-builder/controllers/polaris_common_mutator.go:43.2,43.12 1 0
github.com/blackducksoftware/synopsys-operator/meta-builder/controllers/polaris_common_mutator.go:30.43,33.10 3 0
github.com/blackducksoftware/synopsys-operator/meta-builder/controllers/polaris_common_mutator.go:36.3,41.4 2 0
github.com/blackducksoftware/synopsys-operator/meta-builder/controllers/polaris_common_mutator.go:33.10,35.4 1 0
github.com/blackducksoftware/synopsys-operator/meta-builder/controllers/polaris_common_mutator.go:46.116,47.27 1 0
github.com/blackducksoftware/synopsys-operator/meta-builder/controllers/polaris_common_mutator.go:60.2,60.12 1 0
github.com/blackducksoftware/synopsys-operator/meta-builder/controllers/polaris_common_mutator.go:47.27,50.10 3 0
github.com/blackducksoftware/synopsys-operator/meta-builder/controllers/polaris_common_mutator.go:53.3,58.4 2 0
github.com/blackducksoftware/synopsys-operator/meta-builder/controllers/polaris_common_mutator.go:50.10,52.4 1 0
github.com/blackducksoftware/synopsys-operator/meta-builder/controllers/polaris_common_mutator.go:63.110,65.59 2 0
github.com/blackducksoftware/synopsys-operator/meta-builder/controllers/polaris_common_mutator.go:68.2,68.12 1 0
github.com/blackducksoftware/synopsys-operator/meta-builder/controllers/polaris_common_mutator.go:65.59,67.3 1 0
github.com/blackducksoftware/synopsys-operator/meta-builder/controllers/polaris_controller.go:46.55,48.2 1 0
github.com/blackducksoftware/synopsys-operator/meta-builder/controllers/polaris_controller.go:50.88,52.82 2 0
github.com/blackducksoftware/synopsys-operator/meta-builder/controllers/polaris_controller.go:66.2,66.22 1 0
github.com/blackducksoftware/synopsys-operator/meta-builder/controllers/polaris_controller.go:52.82,59.31 1 0
github.com/blackducksoftware/synopsys-operator/meta-builder/controllers/polaris_controller.go:62.3,62.30 1 0
github.com/blackducksoftware/synopsys-operator/meta-builder/controllers/polaris_controller.go:59.31,61.4 1 0
github.com/blackducksoftware/synopsys-operator/meta-builder/controllers/polaris_controller.go:62.30,64.4 1 0
github.com/blackducksoftware/synopsys-operator/meta-builder/controllers/polaris_controller.go:69.98,80.16 4 0
github.com/blackducksoftware/synopsys-operator/meta-builder/controllers/polaris_controller.go:85.2,93.72 8 0
github.com/blackducksoftware/synopsys-operator/meta-builder/controllers/polaris_controller.go:102.2,104.49 2 0
github.com/blackducksoftware/synopsys-operator/meta-builder/controllers/polaris_controller.go:80.16,82.3 1 0
github.com/blackducksoftware/synopsys-operator/meta-builder/controllers/polaris_controller.go:93.72,95.112 1 0
github.com/blackducksoftware/synopsys-operator/meta-builder/controllers/polaris_controller.go:95.112,100.4 1 0
github.com/blackducksoftware/synopsys-operator/meta-builder/controllers/polaris_controller.go:107.167,110.16 3 0
github.com/blackducksoftware/synopsys-operator/meta-builder/controllers/polaris_controller.go:113.2,113.31 1 0
github.com/blackducksoftware/synopsys-operator/meta-builder/controllers/polaris_controller.go:110.16,112.3 1 0
github.com/blackducksoftware/synopsys-operator/meta-builder/controllers/polaris_controller.go:119.78,125.2 1 0
github.com/blackducksoftware/synopsys-operator/meta-builder/controllers/polaris_controller.go:127.102,128.115 1 0
github.com/blackducksoftware/synopsys-operator/meta-builder/controllers/polaris_controller.go:144.2,144.12 1 0
github.com/blackducksoftware/synopsys-operator/meta-builder/controllers/polaris_controller.go:128.115,131.19 2 0
github.com/blackducksoftware/synopsys-operator/meta-builder/controllers/polaris_controller.go:135.3,135.86 1 0
github.com/blackducksoftware/synopsys-operator/meta-builder/controllers/polaris_controller.go:140.3,140.30 1 0
github.com/blackducksoftware/synopsys-operator/meta-builder/controllers/polaris_controller.go:131.19,133.4 1 0
github.com/blackducksoftware/synopsys-operator/meta-builder/controllers/polaris_controller.go:135.86,137.4 1 0
github.com/blackducksoftware/synopsys-operator/meta-builder/controllers/polaris_controller.go:141.17,143.3 1 0
github.com/blackducksoftware/synopsys-operator/meta-builder/controllers/polaris_controller.go:147.70,160.2 9 0
github.com/blackducksoftware/synopsys-operator/meta-builder/controllers/polarisdb_controller.go:45.57,47.2 1 0
github.com/blackducksoftware/synopsys-operator/meta-builder/controllers/polarisdb_controller.go:49.90,51.84 2 0
github.com/blackducksoftware/synopsys-operator/meta-builder/controllers/polarisdb_controller.go:65.2,65.24 1 0
github.com/blackducksoftware/synopsys-operator/meta-builder/controllers/polarisdb_controller.go:51.84,58.31 1 0
github.com/blackducksoftware/synopsys-operator/meta-builder/controllers/polarisdb_controller.go:61.3,61.30 1 0
github.com/blackducksoftware/synopsys-operator/meta-builder/controllers/polarisdb_controller.go:58.31,60.4 1 0
github.com/blackducksoftware/synopsys-operator/meta-builder/controllers/polarisdb_controller.go:61.30,63.4 1 0
github.com/blackducksoftware/synopsys-operator/meta-builder/controllers/polarisdb_controller.go:68.100,79.16 4 0
github.com/blackducksoftware/synopsys-operator/meta-builder/controllers/polarisdb_controller.go:84.2,89.72 5 0
github.com/blackducksoftware/synopsys-operator/meta-builder/controllers/polarisdb_controller.go:98.2,100.49 2 0
github.com/blackducksoftware/synopsys-operator/meta-builder/controllers/polarisdb_controller.go:79.16,81.3 1 0
github.com/blackducksoftware/synopsys-operator/meta-builder/controllers/polarisdb_controller.go:89.72,91.114 1 0
github.com/blackducksoftware/synopsys-operator/meta-builder/controllers/polarisdb_controller.go:91.114,96.4 1 0
github.com/blackducksoftware/synopsys-operator/meta-builder/controllers/polarisdb_controller.go:103.169,106.16 3 0
github.com/blackducksoftware/synopsys-operator/meta-builder/controllers/polarisdb_controller.go:109.2,109.31 1 0
github.com/blackducksoftware/synopsys-operator/meta-builder/controllers/polarisdb_controller.go:106.16,108.3 1 0
github.com/blackducksoftware/synopsys-operator/meta-builder/controllers/polarisdb_controller.go:115.80,121.2 1 0
github.com/blackducksoftware/synopsys-operator/meta-builder/controllers/polarisdb_controller.go:123.104,124.115 1 0
github.com/blackducksoftware/synopsys-operator/meta-builder/controllers/polarisdb_controller.go:140.2,140.12 1 0
github.com/blackducksoftware/synopsys-operator/meta-builder/controllers/polarisdb_controller.go:124.115,127.19 2 0
github.com/blackducksoftware/synopsys-operator/meta-builder/controllers/polarisdb_controller.go:131.3,131.88 1 0
github.com/blackducksoftware/synopsys-operator/meta-builder/controllers/polarisdb_controller.go:136.3,136.30 1 0
github.com/blackducksoftware/synopsys-operator/meta-builder/controllers/polarisdb_controller.go:127.19,129.4 1 0
github.com/blackducksoftware/synopsys-operator/meta-builder/controllers/polarisdb_controller.go:131.88,133.4 1 0
github.com/blackducksoftware/synopsys-operator/meta-builder/controllers/polarisdb_controller.go:137.17,139.3 1 0
github.com/blackducksoftware/synopsys-operator/meta-builder/controllers/polarisdb_controller.go:143.72,156.2 9 0
github.com/blackducksoftware/synopsys-operator/meta-builder/controllers/reporting_controller.go:44.57,46.2 1 0
github.com/blackducksoftware/synopsys-operator/meta-builder/controllers/reporting_controller.go:48.90,50.84 2 0
github.com/blackducksoftware/synopsys-operator/meta-builder/controllers/reporting_controller.go:58.2,58.24 1 0
github.com/blackducksoftware/synopsys-operator/meta-builder/controllers/reporting_controller.go:50.84,51.31 1 0
github.com/blackducksoftware/synopsys-operator/meta-builder/controllers/reporting_controller.go:54.3,54.30 1 0
github.com/blackducksoftware/synopsys-operator/meta-builder/controllers/reporting_controller.go:51.31,53.4 1 0
github.com/blackducksoftware/synopsys-operator/meta-builder/controllers/reporting_controller.go:54.30,56.4 1 0
github.com/blackducksoftware/synopsys-operator/meta-builder/controllers/reporting_controller.go:61.100,65.16 4 0
github.com/blackducksoftware/synopsys-operator/meta-builder/controllers/reporting_controller.go:69.2,70.72 2 0
github.com/blackducksoftware/synopsys-operator/meta-builder/controllers/reporting_controller.go:75.2,77.49 2 0
github.com/blackducksoftware/synopsys-operator/meta-builder/controllers/reporting_controller.go:65.16,67.3 1 0
github.com/blackducksoftware/synopsys-operator/meta-builder/controllers/reporting_controller.go:70.72,71.114 1 0
github.com/blackducksoftware/synopsys-operator/meta-builder/controllers/reporting_controller.go:71.114,73.4 1 0
github.com/blackducksoftware/synopsys-operator/meta-builder/controllers/reporting_controller.go:80.169,83.16 3 0
github.com/blackducksoftware/synopsys-operator/meta-builder/controllers/reporting_controller.go:86.2,86.31 1 0
github.com/blackducksoftware/synopsys-operator/meta-builder/controllers/reporting_controller.go:83.16,85.3 1 0
github.com/blackducksoftware/synopsys-operator/meta-builder/controllers/reporting_controller.go:89.80,91.2 1 0
github.com/blackducksoftware/synopsys-operator/meta-builder/controllers/reporting_controller.go:93.104,94.115 1 0
github.com/blackducksoftware/synopsys-operator/meta-builder/controllers/reporting_controller.go:106.2,106.12 1 0
github.com/blackducksoftware/synopsys-operator/meta-builder/controllers/reporting_controller.go:94.115,96.19 2 0
github.com/blackducksoftware/synopsys-operator/meta-builder/controllers/reporting_controller.go:99.3,99.88 1 0
github.com/blackducksoftware/synopsys-operator/meta-builder/controllers/reporting_controller.go:102.3,102.30 1 0
github.com/blackducksoftware/synopsys-operator/meta-builder/controllers/reporting_controller.go:96.19,98.4 1 0
github.com/blackducksoftware/synopsys-operator/meta-builder/controllers/reporting_controller.go:99.88,101.4 1 0
github.com/blackducksoftware/synopsys-operator/meta-builder/controllers/reporting_controller.go:103.17,105.3 1 0
github.com/blackducksoftware/synopsys-operator/meta-builder/controllers/reporting_controller.go:109.72,122.2 9 0
github.com/blackducksoftware/synopsys-operator/meta-builder/controllers/reporting_mutator.go:14.174,21.2 2 0
github.com/blackducksoftware/synopsys-operator/meta-builder/controllers/reporting_mutator.go:29.62,34.28 2 0
github.com/blackducksoftware/synopsys-operator/meta-builder/controllers/reporting_mutator.go:40.2,40.43 1 0
github.com/blackducksoftware/synopsys-operator/meta-builder/controllers/reporting_mutator.go:34.28,36.17 2 0
github.com/blackducksoftware/synopsys-operator/meta-builder/controllers/reporting_mutator.go:36.17,38.4 1 0
github.com/blackducksoftware/synopsys-operator/meta-builder/controllers/reporting_mutator.go:43.51,44.67 1 0
github.com/blackducksoftware/synopsys-operator/meta-builder/controllers/reporting_mutator.go:47.2,47.12 1 0
github.com/blackducksoftware/synopsys-operator/meta-builder/controllers/reporting_mutator.go:44.67,46.3 1 0
github.com/blackducksoftware/synopsys-operator/meta-builder/controllers/reporting_mutator.go:50.59,53.9 3 0
github.com/blackducksoftware/synopsys-operator/meta-builder/controllers/reporting_mutator.go:56.2,57.103 2 0
github.com/blackducksoftware/synopsys-operator/meta-builder/controllers/reporting_mutator.go:60.2,60.12 1 0
github.com/blackducksoftware/synopsys-operator/meta-builder/controllers/reporting_mutator.go:53.9,55.3 1 0
github.com/blackducksoftware/synopsys-operator/meta-builder/controllers/reporting_mutator.go:57.103,59.3 1 0
github.com/blackducksoftware/synopsys-operator/meta-builder/controllers/alert_controller.go:46.53,48.2 1 0
github.com/blackducksoftware/synopsys-operator/meta-builder/controllers/alert_controller.go:50.86,52.80 2 0
github.com/blackducksoftware/synopsys-operator/meta-builder/controllers/alert_controller.go:66.2,66.20 1 0
github.com/blackducksoftware/synopsys-operator/meta-builder/controllers/alert_controller.go:52.80,59.31 1 0
github.com/blackducksoftware/synopsys-operator/meta-builder/controllers/alert_controller.go:62.3,62.30 1 0
github.com/blackducksoftware/synopsys-operator/meta-builder/controllers/alert_controller.go:59.31,61.4 1 0
github.com/blackducksoftware/synopsys-operator/meta-builder/controllers/alert_controller.go:62.30,64.4 1 0
github.com/blackducksoftware/synopsys-operator/meta-builder/controllers/alert_controller.go:69.96,75.36 3 0
github.com/blackducksoftware/synopsys-operator/meta-builder/controllers/alert_controller.go:87.2,89.16 3 0
github.com/blackducksoftware/synopsys-operator/meta-builder/controllers/alert_controller.go:99.2,102.41 4 0
github.com/blackducksoftware/synopsys-operator/meta-builder/controllers/alert_controller.go:108.2,108.39 1 0
github.com/blackducksoftware/synopsys-operator/meta-builder/controllers/alert_controller.go:114.2,114.39 1 0
github.com/blackducksoftware/synopsys-operator/meta-builder/controllers/alert_controller.go:120.2,120.29 1 0
github.com/blackducksoftware/synopsys-operator/meta-builder/controllers/alert_controller.go:126.2,127.72 2 0
github.com/blackducksoftware/synopsys-operator/meta-builder/controllers/alert_controller.go:136.2,138.49 2 0
github.com/blackducksoftware/synopsys-operator/meta-builder/controllers/alert_controller.go:75.36,77.81 2 0
github.com/blackducksoftware/synopsys-operator/meta-builder/controllers/alert_controller.go:77.81,80.4 1 0
github.com/blackducksoftware/synopsys-operator/meta-builder/controllers/alert_controller.go:80.9,82.4 1 0
github.com/blackducksoftware/synopsys-operator/meta-builder/controllers/alert_controller.go:83.8,85.3 1 0
github.com/blackducksoftware/synopsys-operator/meta-builder/controllers/alert_controller.go:89.16,91.3 1 0
github.com/blackducksoftware/synopsys-operator/meta-builder/controllers/alert_controller.go:102.41,104.3 1 0
github.com/blackducksoftware/synopsys-operator/meta-builder/controllers/alert_controller.go:104.8,106.3 1 0
github.com/blackducksoftware/synopsys-operator/meta-builder/controllers/alert_controller.go:108.39,110.3 1 0
github.com/blackducksoftware/synopsys-operator/meta-builder/controllers/alert_controller.go:110.8,112.3 1 0
github.com/blackducksoftware/synopsys-operator/meta-builder/controllers/alert_controller.go:114.39,116.3 1 0
github.com/blackducksoftware/synopsys-operator/meta-builder/controllers/alert_controller.go:116.8,118.3 1 0
github.com/blackducksoftware/synopsys-operator/meta-builder/controllers/alert_controller.go:120.29,122.3 1 0
github.com/blackducksoftware/synopsys-operator/meta-builder/controllers/alert_controller.go:122.8,124.3 1 0
github.com/blackducksoftware/synopsys-operator/meta-builder/controllers/alert_controller.go:127.72,129.110 1 0
github.com/blackducksoftware/synopsys-operator/meta-builder/controllers/alert_controller.go:129.110,134.4 1 0
github.com/blackducksoftware/synopsys-operator/meta-builder/controllers/alert_controller.go:141.165,144.16 2 0
github.com/blackducksoftware/synopsys-operator/meta-builder/controllers/alert_controller.go:147.2,147.31 1 0
github.com/blackducksoftware/synopsys-operator/meta-builder/controllers/alert_controller.go:144.16,146.3 1 0
github.com/blackducksoftware/synopsys-operator/meta-builder/controllers/alert_controller.go:150.76,157.2 1 0
github.com/blackducksoftware/synopsys-operator/meta-builder/controllers/alert_controller.go:166.100,167.115 1 0
github.com/blackducksoftware/synopsys-operator/meta-builder/controllers/alert_controller.go:183.2,183.12 1 0
github.com/blackducksoftware/synopsys-operator/meta-builder/controllers/alert_controller.go:167.115,170.19 2 0
github.com/blackducksoftware/synopsys-operator/meta-builder/controllers/alert_controller.go:174.3,174.60 1 0
github.com/blackducksoftware/synopsys-operator/meta-builder/controllers/alert_controller.go:179.3,179.30 1 0
github.com/blackducksoftware/synopsys-operator/meta-builder/controllers/alert_controller.go:170.19,172.4 1 0
github.com/blackducksoftware/synopsys-operator/meta-builder/controllers/alert_controller.go:174.60,176.4 1 0
github.com/blackducksoftware/synopsys-operator/meta-builder/controllers/alert_controller.go:180.17,182.3 1 0
github.com/blackducksoftware/synopsys-operator/meta-builder/controllers/alert_controller.go:186.68,200.2 10 0
github.com/blackducksoftware/synopsys-operator/meta-builder/controllers/opssight_controller.go:54.56,56.2 1 0
github.com/blackducksoftware/synopsys-operator/meta-builder/controllers/opssight_controller.go:59.89,61.82 2 0
github.com/blackducksoftware/synopsys-operator/meta-builder/controllers/opssight_controller.go:75.2,76.22 2 0
github.com/blackducksoftware/synopsys-operator/meta-builder/controllers/opssight_controller.go:61.82,68.31 1 0
github.com/blackducksoftware/synopsys-operator/meta-builder/controllers/opssight_controller.go:71.3,71.30 1 0
github.com/blackducksoftware/synopsys-operator/meta-builder/controllers/opssight_controller.go:68.31,70.4 1 0
github.com/blackducksoftware/synopsys-operator/meta-builder/controllers/opssight_controller.go:71.30,73.4 1 0
github.com/blackducksoftware/synopsys-operator/meta-builder/controllers/opssight_controller.go:80.99,92.16 4 0
github.com/blackducksoftware/synopsys-operator/meta-builder/controllers/opssight_controller.go:96.2,115.18 8 0
github.com/blackducksoftware/synopsys-operator/meta-builder/controllers/opssight_controller.go:92.16,94.3 1 0
github.com/blackducksoftware/synopsys-operator/meta-builder/controllers/opssight_controller.go:119.136,122.16 2 0
github.com/blackducksoftware/synopsys-operator/meta-builder/controllers/opssight_controller.go:125.2,125.31 1 0
github.com/blackducksoftware/synopsys-operator/meta-builder/controllers/opssight_controller.go:122.16,124.3 1 0
github.com/blackducksoftware/synopsys-operator/meta-builder/controllers/opssight_controller.go:132.79,139.2 3 0
github.com/blackducksoftware/synopsys-operator/meta-builder/controllers/opssight_controller.go:142.103,143.115 1 0
github.com/blackducksoftware/synopsys-operator/meta-builder/controllers/opssight_controller.go:159.2,159.12 1 0
github.com/blackducksoftware/synopsys-operator/meta-builder/controllers/opssight_controller.go:143.115,146.19 2 0
github.com/blackducksoftware/synopsys-operator/meta-builder/controllers/opssight_controller.go:150.3,150.87 1 0
github.com/blackducksoftware/synopsys-operator/meta-builder/controllers/opssight_controller.go:155.3,155.30 1 0
github.com/blackducksoftware/synopsys-operator/meta-builder/controllers/opssight_controller.go:146.19,148.4 1 0
github.com/blackducksoftware/synopsys-operator/meta-builder/controllers/opssight_controller.go:150.87,152.4 1 0
github.com/blackducksoftware/synopsys-operator/meta-builder/controllers/opssight_controller.go:156.17,158.3 1 0
github.com/blackducksoftware/synopsys-operator/meta-builder/controllers/opssight_controller.go:163.71,184.2 15 0
